Player 1 Move # 1: (0,0)
Player 2 Move # 1: (0,6)
Player 1 Move # 2: (1,1)
Player 2 Move # 2: (8,0)
Player 1 Move # 3: (2,2)
Player 2 Move # 3: (9,5)
Player 1 Move # 4: (3,3)
Player 2 Move # 4: (5,4)
Player 1 Move # 5: (3,2)
Player 2 Move # 5: (3,6)
Player 1 Move # 6: (4,3)
Player 2 Move # 6: (1,2)
Player 1 Move # 7: (2,3)
Player 2 Move # 7: (7,4)
Player 1 Move # 8: (1,3)
Player 2 Move # 8: (2,8)
Player 1 Move # 9: (3,4)
Player 2 Move # 9: (1,8)
Player 1 Move # 10: (2,4)
Player 2 Move # 10: (8,2)
Player 1 Move # 11: (4,4)
Player 2 Move # 11: (1,3)
Player 1 Move # 12: (5,5)
Player 2 Move # 12: (4,4)
Player 1 Move # 13: (6,6)
Player 2 Move # 13: (9,7)
Player 1 Move # 14: (7,7)
Player 2 Move # 14: (5,6)
Player 1 Move # 15: (8,8)
Player 2 Move # 15: (3,5)
Player 1 Move # 16: (9,9)
Player 2 Move # 16: (3,3)
Player 1 Move # 17: (6,1)
Player 2 Move # 17: (6,1)
Player 1 Move # 18: (5,0)
Player 2 Move # 18: (1,5)
Player 1 Move # 19: (3,0)
Player 2 Move # 19: (7,1)
Player 1 Move # 20: (8,0)
Player 2 Move # 20: (8,8)
Player 1 Move # 21: (0,9)
Player 2 Move # 21: (7,4)
Player 1 Move # 22: (0,5)
Player 2 Move # 22: (1,1)
Player 1 Move # 23: (1,5)
Player 2 Move # 23: (7,1)
Player 1 Move # 24: (0,4)
Player 2 Move # 24: (8,3)
Player 1 Move # 25: (0,3)
Player 2 Move # 25: (0,8)
Player 1 Move # 26: (0,6)
Player 2 Move # 26: (5,8)
Player 1 Move # 27: (0,7)
Player 2 Move # 27: (3,1)
Player 1 Move # 28: (2,3)
Player 2 Move # 28: (8,6)
Player 1 Move # 29: (2,7)
Player 2 Move # 29: (3,9)
Player 1 Move # 30: (5,7)
Player 2 Move # 30: (8,4)
Player 1 Move # 31: (4,7)
Player 2 Move # 31: (4,6)
Player 1 Move # 32: (3,7)
Player 2 Move # 32: (3,2)
Player 1 Move # 33: (1,6)
Player 2 Move # 33: (9,3)
Player 1 Move # 34: (1,7)
Player 2 Move # 34: (6,6)
Player 1 Move # 35: (4,8)
Player 2 Move # 35: (2,8)
Player 1 Move # 36: (5,8)
Player 2 Move # 36: (0,4)
Player 1 Move # 37: (3,8)
Player 2 Move # 37: (3,2)
Player 1 Move # 38: (2,8)
Player 2 Move # 38: (4,2)
Player 1 Move # 39: (1,8)
Player 2 Move # 39: (0,6)
Player 1 Move # 40: (8,3)
Player 2 Move # 40: (1,6)
Player 1 Move # 41: (8,4)
Player 2 Move # 41: (0,1)
Player 1 Move # 42: (8,5)
Player 2 Move # 42: (9,8)
Player 1 Move # 43: (8,6)
Player 2 Move # 43: (5,3)
Player 1 Move # 44: (8,7)
Player 2 Move # 44: (3,9)
Player 1 Move # 45: (8,2)
Player 2 Move # 45: (3,8)
Player 1 Move # 46: (7,3)
Player 2 Move # 46: (7,7)
Player 1 Move # 47: (7,4)
Player 2 Move # 47: (4,6)
Player 1 Move # 48: (7,5)
Player 2 Move # 48: (4,3)
Player 1 Move # 49: (7,6)
Player 2 Move # 49: (7,4)
Player 1 Move # 50: (9,3)
Player 2 Move # 50: (8,9)
Player 1 Move # 51: (9,0)
Player 2 Move # 51: (7,8)
Player 1 Move # 52: (9,4)
Player 2 Move # 52: (0,0)
Player 1 Move # 53: (9,5)
Player 2 Move # 53: (4,1)
Player 1 Move # 54: (3,6)
Player 2 Move # 54: (0,4)
Player 1 Move # 55: (6,2)
Player 2 Move # 55: (6,4)
Player 1 Move # 56: (6,3)
Player 2 Move # 56: (9,6)
Player 1 Move # 57: (7,2)
Player 2 Move # 57: (0,0)
Player 1 Move # 58: (5,2)
Player 2 Move # 58: (6,6)
Player 1 Move # 59: (4,2)
-----Player 1 Statistics-----
# Shots Taken:    59
# Total Misses:   42
# Total Hits:     17
Hit / Miss Ratio: 40.476190
-----Player 2 Statistics-----
# Shots Taken:    58
# Total Misses:   49
# Total Hits:     9
Hit / Miss Ratio: 18.367347
